C:\DIANA_093010\SINGLE_CITY_43\DEBUG\SINGLE_CITY_43.EXE
C:\DIANA_093010\SINGLE_CITY_43\DEBUG\SINGLE_CITY_43.ILK
C:\DIANA_093010\SINGLE_CITY_43\DEBUG\SINGLE_CITY_43.PDB
C:\Diana_093010\Single_city_43\Single_city_43\Debug\cl.command.1.tlog
C:\Diana_093010\Single_city_43\Single_city_43\Debug\CL.read.1.tlog
C:\Diana_093010\Single_city_43\Single_city_43\Debug\CL.write.1.tlog
C:\Diana_093010\Single_city_43\Single_city_43\Debug\link.1600.read.1.tlog
C:\Diana_093010\Single_city_43\Single_city_43\Debug\link.1600.write.1.tlog
C:\Diana_093010\Single_city_43\Single_city_43\Debug\link.1600-cvtres.read.1.tlog
C:\Diana_093010\Single_city_43\Single_city_43\Debug\link.1600-cvtres.write.1.tlog
C:\Diana_093010\Single_city_43\Single_city_43\Debug\link.command.1.tlog
C:\Diana_093010\Single_city_43\Single_city_43\Debug\link.read.1.tlog
C:\Diana_093010\Single_city_43\Single_city_43\Debug\link.write.1.tlog
C:\Diana_093010\Single_city_43\Single_city_43\Debug\link-cvtres.read.1.tlog
C:\Diana_093010\Single_city_43\Single_city_43\Debug\link-cvtres.write.1.tlog
C:\DIANA_093010\SINGLE_CITY_43\SINGLE_CITY_43\DEBUG\MAIN43.OBJ
C:\Diana_093010\Single_city_43\Single_city_43\Debug\mt.command.1.tlog
C:\Diana_093010\Single_city_43\Single_city_43\Debug\mt.read.1.tlog
C:\Diana_093010\Single_city_43\Single_city_43\Debug\mt.write.1.tlog
C:\Diana_093010\Single_city_43\Single_city_43\Debug\rc.command.1.tlog
C:\Diana_093010\Single_city_43\Single_city_43\Debug\rc.read.1.tlog
C:\Diana_093010\Single_city_43\Single_city_43\Debug\rc.write.1.tlog
C:\DIANA_093010\SINGLE_CITY_43\SINGLE_CITY_43\DEBUG\SINGLE_CITY_43.EXE.EMBED.MANIFEST
C:\DIANA_093010\SINGLE_CITY_43\SINGLE_CITY_43\DEBUG\SINGLE_CITY_43.EXE.EMBED.MANIFEST.RES
C:\DIANA_093010\SINGLE_CITY_43\SINGLE_CITY_43\DEBUG\SINGLE_CITY_43.EXE.INTERMEDIATE.MANIFEST
C:\Diana_093010\Single_city_43\Single_city_43\Debug\Single_city_43_manifest.rc
C:\Diana_093010\Single_city_43\Single_city_43\Debug\vc100.idb
C:\DIANA_093010\SINGLE_CITY_43\SINGLE_CITY_43\DEBUG\VC100.PDB
