C:\USERS\BARZAN\DESKTOP\SINGLE_CITY_43\DEBUG\SINGLE_CITY_43.BSC
C:\USERS\BARZAN\DESKTOP\SINGLE_CITY_43\SINGLE_CITY_43\DEBUG\MAIN43.OBJ
C:\USERS\BARZAN\DESKTOP\SINGLE_CITY_43\SINGLE_CITY_43\DEBUG\VC110.PDB
C:\USERS\BARZAN\DESKTOP\SINGLE_CITY_43\SINGLE_CITY_43\DEBUG\MAIN43.SBR
C:\USERS\BARZAN\DESKTOP\SINGLE_CITY_43\DEBUG\SINGLE_CITY_43.ILK
C:\USERS\BARZAN\DESKTOP\SINGLE_CITY_43\DEBUG\SINGLE_CITY_43.EXE
C:\USERS\BARZAN\DESKTOP\SINGLE_CITY_43\DEBUG\SINGLE_CITY_43.PDB
C:\Users\Barzan\Desktop\Single_city_43\Single_city_43\Debug\main43.obj
C:\Users\Barzan\Desktop\Single_city_43\Single_city_43\Debug\BscMake.command.1.tlog
C:\Users\Barzan\Desktop\Single_city_43\Single_city_43\Debug\bscmake.read.1.tlog
C:\Users\Barzan\Desktop\Single_city_43\Single_city_43\Debug\BscMake.write.1.tlog
C:\Users\Barzan\Desktop\Single_city_43\Single_city_43\Debug\cl.command.1.tlog
C:\Users\Barzan\Desktop\Single_city_43\Single_city_43\Debug\CL.read.1.tlog
C:\Users\Barzan\Desktop\Single_city_43\Single_city_43\Debug\CL.write.1.tlog
C:\Users\Barzan\Desktop\Single_city_43\Single_city_43\Debug\link-cvtres.read.1.tlog
C:\Users\Barzan\Desktop\Single_city_43\Single_city_43\Debug\link-cvtres.write.1.tlog
C:\Users\Barzan\Desktop\Single_city_43\Single_city_43\Debug\link-rc.read.1.tlog
C:\Users\Barzan\Desktop\Single_city_43\Single_city_43\Debug\link-rc.write.1.tlog
C:\Users\Barzan\Desktop\Single_city_43\Single_city_43\Debug\link.10988-cvtres.read.1.tlog
C:\Users\Barzan\Desktop\Single_city_43\Single_city_43\Debug\link.10988-cvtres.write.1.tlog
C:\Users\Barzan\Desktop\Single_city_43\Single_city_43\Debug\link.10988-rc.read.1.tlog
C:\Users\Barzan\Desktop\Single_city_43\Single_city_43\Debug\link.10988-rc.write.1.tlog
C:\Users\Barzan\Desktop\Single_city_43\Single_city_43\Debug\link.10988.read.1.tlog
C:\Users\Barzan\Desktop\Single_city_43\Single_city_43\Debug\link.10988.write.1.tlog
C:\Users\Barzan\Desktop\Single_city_43\Single_city_43\Debug\link.command.1.tlog
C:\Users\Barzan\Desktop\Single_city_43\Single_city_43\Debug\link.read.1.tlog
C:\Users\Barzan\Desktop\Single_city_43\Single_city_43\Debug\link.write.1.tlog
C:\Users\Barzan\Desktop\Single_city_43\Single_city_43\Debug\vc110.idb
C:\Users\Barzan\Desktop\Single_city_43\Single_city_43\Debug\vc110.pdb
C:\Users\Barzan\Desktop\Single_city_43\Single_city_43\Debug\main43.sbr
C:\Users\Barzan\Desktop\Single_city_43\Debug\Single_city_43.pdb
C:\Users\Barzan\Desktop\Single_city_43\Debug\Single_city_43.exe
C:\Users\Barzan\Desktop\Single_city_43\Debug\Single_city_43.bsc
C:\Users\Barzan\Desktop\Single_city_43\Debug\Single_city_43.ilk
